<?xml version="1.0" encoding="UTF-8"?>
<!-- Generated by org.testng.reporters.JUnitReportReporter -->
<testsuite hostname="WINDOWS-5CUU06H" failures="0" tests="3" name="com.internethero.tests.JavaScripAlertTests" time="18.696" errors="0" timestamp="2025-07-17T19:48:24 MESZ" skipped="0">
  <testcase classname="com.internethero.tests.JavaScripAlertTests" name="jsPromtAlertTest" time="6.326"/>
  <testcase classname="com.internethero.tests.JavaScripAlertTests" name="jsConfirmAlertTest" time="6.084"/>
  <testcase classname="com.internethero.tests.JavaScripAlertTests" name="jsAlertTest" time="6.286"/>
</testsuite> <!-- com.internethero.tests.JavaScripAlertTests -->
