<?xml version="1.0" encoding="UTF-8"?>
<!-- Generated by org.testng.reporters.JUnitReportReporter -->
<testsuite hostname="WINDOWS-5CUU06H" failures="0" tests="1" name="com.internethero.tests.DropdownListTests" time="6.737" errors="0" timestamp="2025-07-17T19:48:24 MESZ" skipped="0">
  <testcase classname="com.internethero.tests.DropdownListTests" name="selectFromDropdownListTest" time="6.737"/>
</testsuite> <!-- com.internethero.tests.DropdownListTests -->
