<?xml version="1.0" encoding="UTF-8"?>
<!-- Generated by org.testng.reporters.JUnitReportReporter -->
<testsuite hostname="WINDOWS-5CUU06H" failures="0" tests="2" name="com.internethero.tests.FrameTests" time="13.994" errors="0" timestamp="2025-07-17T19:48:24 MESZ" skipped="0">
  <testcase classname="com.internethero.tests.FrameTests" name="frameTest" time="7.558"/>
  <testcase classname="com.internethero.tests.FrameTests" name="nestedFrameTest" time="6.436"/>
</testsuite> <!-- com.internethero.tests.FrameTests -->
