<?xml version="1.0" encoding="UTF-8"?>
<!-- Generated by org.testng.reporters.JUnitReportReporter -->
<testsuite hostname="WINDOWS-5CUU06H" failures="0" tests="2" name="com.internethero.tests.HoverTests" time="12.769" errors="0" timestamp="2025-07-17T19:48:24 MESZ" skipped="0">
  <testcase classname="com.internethero.tests.HoverTests" name="checkFirstHover" time="6.403"/>
  <testcase classname="com.internethero.tests.HoverTests" name="checkLastHover" time="6.366"/>
</testsuite> <!-- com.internethero.tests.HoverTests -->
